<?xml version="1.0" encoding="UTF-8"?>
<testng-results skipped="0" failed="0" ignored="0" total="1" passed="1">
  <reporter-output>
  </reporter-output>
  <suite name="Default suite" duration-ms="9448" started-at="2019-04-07T03:22:40Z" finished-at="2019-04-07T03:22:50Z">
    <groups>
    </groups>
    <test name="Default test" duration-ms="9448" started-at="2019-04-07T03:22:40Z" finished-at="2019-04-07T03:22:50Z">
      <class name="WebPageLogin.checkAll">
        <test-method status="PASS" signature="setUp()[pri:0, instance:WebPageLogin.checkAll@42dafa95]" name="setUp" is-config="true" duration-ms="7922" started-at="2019-04-07T03:22:40Z" finished-at="2019-04-07T03:22:48Z">
          <reporter-output>
          </reporter-output>
        </test-method> <!-- setUp -->
        <test-method status="PASS" signature="checkAll()[pri:0, instance:WebPageLogin.checkAll@42dafa95]" name="checkAll" duration-ms="1169" started-at="2019-04-07T03:22:48Z" finished-at="2019-04-07T03:22:49Z">
          <reporter-output>
          </reporter-output>
        </test-method> <!-- checkAll -->
        <test-method status="PASS" signature="closeUp()[pri:0, instance:WebPageLogin.checkAll@42dafa95]" name="closeUp" is-config="true" duration-ms="307" started-at="2019-04-07T03:22:49Z" finished-at="2019-04-07T03:22:50Z">
          <reporter-output>
          </reporter-output>
        </test-method> <!-- closeUp -->
      </class> <!-- WebPageLogin.checkAll -->
    </test> <!-- Default test -->
  </suite> <!-- Default suite -->
</testng-results>
